android/app/build/intermediates/manifest_merge_blame_file/debug/processDebugMainManifest/manifest-merger-blame-debug-report.txt
1<?xml version="1.0" encoding="utf-8"?>
2<manifest xmlns:android="http://schemas.android.com/apk/res/android"
3    package="com.alphateknexus.app"
4    android:versionCode="1"
5    android:versionName="1.0" >
6
7    <uses-sdk
7-->INJECTED
8        android:minSdkVersion="24"
8-->INJECTED
9        android:targetSdkVersion="35" />
9-->INJECTED
10
11    <!-- Permissions -->
12
13    <uses-permission android:name="android.permission.INTERNET" />
13-->src\main\AndroidManifest.xml:40:5-67
13-->src\main\AndroidManifest.xml:40:22-64
14    <uses-permission android:name="android.permission.VIBRATE" />
14-->[:capacitor-haptics] AndroidManifest.xml:7:5-66
14-->[:capacitor-haptics] AndroidManifest.xml:7:22-63
15    <uses-permission android:name="android.permission.RECEIVE_BOOT_COMPLETED" />
15-->[:capacitor-local-notifications] AndroidManifest.xml:7:5-81
15-->[:capacitor-local-notifications] AndroidManifest.xml:7:22-78
16    <uses-permission android:name="android.permission.WAKE_LOCK" />
16-->[:capacitor-local-notifications] AndroidManifest.xml:8:5-68
16-->[:capacitor-local-notifications] AndroidManifest.xml:8:22-65
17    <uses-permission android:name="android.permission.POST_NOTIFICATIONS" />
17-->[:capacitor-local-notifications] AndroidManifest.xml:9:5-77
17-->[:capacitor-local-notifications] AndroidManifest.xml:9:22-74
18    <uses-permission android:name="android.permission.ACCESS_NETWORK_STATE" /> <!-- Required by older versions of Google Play services to create IID tokens -->
18-->[com.google.firebase:firebase-messaging:25.0.1] AndroidManifest.xml:22:5-79
18-->[com.google.firebase:firebase-messaging:25.0.1] AndroidManifest.xml:22:22-76
19    <uses-permission android:name="com.google.android.c2dm.permission.RECEIVE" />
19-->[com.google.firebase:firebase-messaging:25.0.1] AndroidManifest.xml:26:5-82
19-->[com.google.firebase:firebase-messaging:25.0.1] AndroidManifest.xml:26:22-79
20
21    <permission
21-->[androidx.core:core:1.17.0] AndroidManifest.xml:22:5-24:47
22        android:name="com.alphateknexus.app.DYNAMIC_RECEIVER_NOT_EXPORTED_PERMISSION"
22-->[androidx.core:core:1.17.0] AndroidManifest.xml:23:9-81
23        android:protectionLevel="signature" />
23-->[androidx.core:core:1.17.0] AndroidManifest.xml:24:9-44
24
25    <uses-permission android:name="com.alphateknexus.app.DYNAMIC_RECEIVER_NOT_EXPORTED_PERMISSION" />
25-->[androidx.core:core:1.17.0] AndroidManifest.xml:26:5-97
25-->[androidx.core:core:1.17.0] AndroidManifest.xml:26:22-94
26
27    <application
27-->src\main\AndroidManifest.xml:4:5-36:19
28        android:allowBackup="true"
28-->src\main\AndroidManifest.xml:5:9-35
29        android:appComponentFactory="androidx.core.app.CoreComponentFactory"
29-->[androidx.core:core:1.17.0] AndroidManifest.xml:28:18-86
30        android:debuggable="true"
31        android:extractNativeLibs="false"
31-->INJECTED
32        android:icon="@mipmap/ic_launcher"
32-->src\main\AndroidManifest.xml:6:9-43
33        android:label="@string/app_name"
33-->src\main\AndroidManifest.xml:7:9-41
34        android:roundIcon="@mipmap/ic_launcher_round"
34-->src\main\AndroidManifest.xml:8:9-54
35        android:supportsRtl="true"
35-->src\main\AndroidManifest.xml:9:9-35
36        android:theme="@style/AppTheme" >
36-->src\main\AndroidManifest.xml:10:9-40
37        <activity
37-->src\main\AndroidManifest.xml:12:9-25:20
38            android:name="com.alphateknexus.app.MainActivity"
38-->src\main\AndroidManifest.xml:14:13-41
39            android:configChanges="orientation|keyboardHidden|keyboard|screenSize|locale|smallestScreenSize|screenLayout|uiMode|navigation|density"
39-->src\main\AndroidManifest.xml:13:13-148
40            android:exported="true"
40-->src\main\AndroidManifest.xml:18:13-36
41            android:label="@string/title_activity_main"
41-->src\main\AndroidManifest.xml:15:13-56
42            android:launchMode="singleTask"
42-->src\main\AndroidManifest.xml:17:13-44
43            android:theme="@style/AppTheme.NoActionBarLaunch" >
43-->src\main\AndroidManifest.xml:16:13-62
44            <intent-filter>
44-->src\main\AndroidManifest.xml:20:13-23:29
45                <action android:name="android.intent.action.MAIN" />
45-->src\main\AndroidManifest.xml:21:17-69
45-->src\main\AndroidManifest.xml:21:25-66
46
47                <category android:name="android.intent.category.LAUNCHER" />
47-->src\main\AndroidManifest.xml:22:17-77
47-->src\main\AndroidManifest.xml:22:27-74
48            </intent-filter>
49        </activity>
50
51        <provider
51-->INJECTED
52            android:name="androidx.core.content.FileProvider"
52-->src\main\AndroidManifest.xml:28:13-62
53            android:authorities="com.alphateknexus.app.fileprovider"
53-->INJECTED
54            android:exported="false"
54-->src\main\AndroidManifest.xml:30:13-37
55            android:grantUriPermissions="true" >
55-->src\main\AndroidManifest.xml:31:13-47
56            <meta-data
56-->src\main\AndroidManifest.xml:32:13-34:64
57                android:name="android.support.FILE_PROVIDER_PATHS"
57-->src\main\AndroidManifest.xml:33:17-67
58                android:resource="@xml/file_paths" />
58-->src\main\AndroidManifest.xml:34:17-51
59        </provider>
60
61        <receiver android:name="com.capacitorjs.plugins.localnotifications.TimedNotificationPublisher" />
61-->[:capacitor-local-notifications] AndroidManifest.xml:12:9-106
61-->[:capacitor-local-notifications] AndroidManifest.xml:12:19-103
62        <receiver android:name="com.capacitorjs.plugins.localnotifications.NotificationDismissReceiver" />
62-->[:capacitor-local-notifications] AndroidManifest.xml:13:9-107
62-->[:capacitor-local-notifications] AndroidManifest.xml:13:19-104
63        <receiver
63-->[:capacitor-local-notifications] AndroidManifest.xml:14:9-23:20
64            android:name="com.capacitorjs.plugins.localnotifications.LocalNotificationRestoreReceiver"
64-->[:capacitor-local-notifications] AndroidManifest.xml:15:13-103
65            android:directBootAware="true"
65-->[:capacitor-local-notifications] AndroidManifest.xml:16:13-43
66            android:exported="false" >
66-->[:capacitor-local-notifications] AndroidManifest.xml:17:13-37
67            <intent-filter>
67-->[:capacitor-local-notifications] AndroidManifest.xml:18:13-22:29
68                <action android:name="android.intent.action.LOCKED_BOOT_COMPLETED" />
68-->[:capacitor-local-notifications] AndroidManifest.xml:19:17-86
68-->[:capacitor-local-notifications] AndroidManifest.xml:19:25-83
69                <action android:name="android.intent.action.BOOT_COMPLETED" />
69-->[:capacitor-local-notifications] AndroidManifest.xml:20:17-79
69-->[:capacitor-local-notifications] AndroidManifest.xml:20:25-76
70                <action android:name="android.intent.action.QUICKBOOT_POWERON" />
70-->[:capacitor-local-notifications] AndroidManifest.xml:21:17-82
70-->[:capacitor-local-notifications] AndroidManifest.xml:21:25-79
71            </intent-filter>
72        </receiver>
73
74        <service
74-->[:capacitor-push-notifications] AndroidManifest.xml:8:9-14:19
75            android:name="com.capacitorjs.plugins.pushnotifications.MessagingService"
75-->[:capacitor-push-notifications] AndroidManifest.xml:9:13-86
76            android:exported="false" >
76-->[:capacitor-push-notifications] AndroidManifest.xml:10:13-37
77            <intent-filter>
77-->[:capacitor-push-notifications] AndroidManifest.xml:11:13-13:29
78                <action android:name="com.google.firebase.MESSAGING_EVENT" />
78-->[:capacitor-push-notifications] AndroidManifest.xml:12:17-78
78-->[:capacitor-push-notifications] AndroidManifest.xml:12:25-75
79            </intent-filter>
80        </service>
81
82        <receiver
82-->[com.google.firebase:firebase-messaging:25.0.1] AndroidManifest.xml:29:9-40:20
83            android:name="com.google.firebase.iid.FirebaseInstanceIdReceiver"
83-->[com.google.firebase:firebase-messaging:25.0.1] AndroidManifest.xml:30:13-78
84            android:exported="true"
84-->[com.google.firebase:firebase-messaging:25.0.1] AndroidManifest.xml:31:13-36
85            android:permission="com.google.android.c2dm.permission.SEND" >
85-->[com.google.firebase:firebase-messaging:25.0.1] AndroidManifest.xml:32:13-73
86            <intent-filter>
86-->[com.google.firebase:firebase-messaging:25.0.1] AndroidManifest.xml:33:13-35:29
87                <action android:name="com.google.android.c2dm.intent.RECEIVE" />
87-->[com.google.firebase:firebase-messaging:25.0.1] AndroidManifest.xml:34:17-81
87-->[com.google.firebase:firebase-messaging:25.0.1] AndroidManifest.xml:34:25-78
88            </intent-filter>
89
90            <meta-data
90-->[com.google.firebase:firebase-messaging:25.0.1] AndroidManifest.xml:37:13-39:40
91                android:name="com.google.android.gms.cloudmessaging.FINISHED_AFTER_HANDLED"
91-->[com.google.firebase:firebase-messaging:25.0.1] AndroidManifest.xml:38:17-92
92                android:value="true" />
92-->[com.google.firebase:firebase-messaging:25.0.1] AndroidManifest.xml:39:17-37
93        </receiver>
94        <!--
95             FirebaseMessagingService performs security checks at runtime,
96             but set to not exported to explicitly avoid allowing another app to call it.
97        -->
98        <service
98-->[com.google.firebase:firebase-messaging:25.0.1] AndroidManifest.xml:46:9-53:19
99            android:name="com.google.firebase.messaging.FirebaseMessagingService"
99-->[com.google.firebase:firebase-messaging:25.0.1] AndroidManifest.xml:47:13-82
100            android:directBootAware="true"
100-->[com.google.firebase:firebase-messaging:25.0.1] AndroidManifest.xml:48:13-43
101            android:exported="false" >
101-->[com.google.firebase:firebase-messaging:25.0.1] AndroidManifest.xml:49:13-37
102            <intent-filter android:priority="-500" >
102-->[:capacitor-push-notifications] AndroidManifest.xml:11:13-13:29
103                <action android:name="com.google.firebase.MESSAGING_EVENT" />
103-->[:capacitor-push-notifications] AndroidManifest.xml:12:17-78
103-->[:capacitor-push-notifications] AndroidManifest.xml:12:25-75
104            </intent-filter>
105        </service>
106        <service
106-->[com.google.firebase:firebase-messaging:25.0.1] AndroidManifest.xml:54:9-63:19
107            android:name="com.google.firebase.components.ComponentDiscoveryService"
107-->[com.google.firebase:firebase-messaging:25.0.1] AndroidManifest.xml:55:13-84
108            android:directBootAware="true"
108-->[com.google.firebase:firebase-common:22.0.1] AndroidManifest.xml:32:13-43
109            android:exported="false" >
109-->[com.google.firebase:firebase-messaging:25.0.1] AndroidManifest.xml:56:13-37
110            <meta-data
110-->[com.google.firebase:firebase-messaging:25.0.1] AndroidManifest.xml:57:13-59:85
111                android:name="com.google.firebase.components:com.google.firebase.messaging.FirebaseMessagingKtxRegistrar"
111-->[com.google.firebase:firebase-messaging:25.0.1] AndroidManifest.xml:58:17-122
112                android:value="com.google.firebase.components.ComponentRegistrar" />
112-->[com.google.firebase:firebase-messaging:25.0.1] AndroidManifest.xml:59:17-82
113            <meta-data
113-->[com.google.firebase:firebase-messaging:25.0.1] AndroidManifest.xml:60:13-62:85
114                android:name="com.google.firebase.components:com.google.firebase.messaging.FirebaseMessagingRegistrar"
114-->[com.google.firebase:firebase-messaging:25.0.1] AndroidManifest.xml:61:17-119
115                android:value="com.google.firebase.components.ComponentRegistrar" />
115-->[com.google.firebase:firebase-messaging:25.0.1] AndroidManifest.xml:62:17-82
116            <meta-data
116-->[com.google.firebase:firebase-installations:18.0.0] AndroidManifest.xml:15:13-17:85
117                android:name="com.google.firebase.components:com.google.firebase.installations.FirebaseInstallationsKtxRegistrar"
117-->[com.google.firebase:firebase-installations:18.0.0] AndroidManifest.xml:16:17-130
118                android:value="com.google.firebase.components.ComponentRegistrar" />
118-->[com.google.firebase:firebase-installations:18.0.0] AndroidManifest.xml:17:17-82
119            <meta-data
119-->[com.google.firebase:firebase-installations:18.0.0] AndroidManifest.xml:18:13-20:85
120                android:name="com.google.firebase.components:com.google.firebase.installations.FirebaseInstallationsRegistrar"
120-->[com.google.firebase:firebase-installations:18.0.0] AndroidManifest.xml:19:17-127
121                android:value="com.google.firebase.components.ComponentRegistrar" />
121-->[com.google.firebase:firebase-installations:18.0.0] AndroidManifest.xml:20:17-82
122            <meta-data
122-->[com.google.firebase:firebase-common:22.0.1] AndroidManifest.xml:35:13-37:85
123                android:name="com.google.firebase.components:com.google.firebase.FirebaseCommonKtxRegistrar"
123-->[com.google.firebase:firebase-common:22.0.1] AndroidManifest.xml:36:17-109
124                android:value="com.google.firebase.components.ComponentRegistrar" />
124-->[com.google.firebase:firebase-common:22.0.1] AndroidManifest.xml:37:17-82
125            <meta-data
125-->[com.google.firebase:firebase-datatransport:18.2.0] AndroidManifest.xml:25:13-27:85
126                android:name="com.google.firebase.components:com.google.firebase.datatransport.TransportRegistrar"
126-->[com.google.firebase:firebase-datatransport:18.2.0] AndroidManifest.xml:26:17-115
127                android:value="com.google.firebase.components.ComponentRegistrar" />
127-->[com.google.firebase:firebase-datatransport:18.2.0] AndroidManifest.xml:27:17-82
128        </service>
129
130        <provider
130-->[com.google.firebase:firebase-common:22.0.1] AndroidManifest.xml:23:9-28:39
131            android:name="com.google.firebase.provider.FirebaseInitProvider"
131-->[com.google.firebase:firebase-common:22.0.1] AndroidManifest.xml:24:13-77
132            android:authorities="com.alphateknexus.app.firebaseinitprovider"
132-->[com.google.firebase:firebase-common:22.0.1] AndroidManifest.xml:25:13-72
133            android:directBootAware="true"
133-->[com.google.firebase:firebase-common:22.0.1] AndroidManifest.xml:26:13-43
134            android:exported="false"
134-->[com.google.firebase:firebase-common:22.0.1] AndroidManifest.xml:27:13-37
135            android:initOrder="100" />
135-->[com.google.firebase:firebase-common:22.0.1] AndroidManifest.xml:28:13-36
136
137        <activity
137-->[com.google.android.gms:play-services-base:18.1.0] AndroidManifest.xml:20:9-22:45
138            android:name="com.google.android.gms.common.api.GoogleApiActivity"
138-->[com.google.android.gms:play-services-base:18.1.0] AndroidManifest.xml:20:19-85
139            android:exported="false"
139-->[com.google.android.gms:play-services-base:18.1.0] AndroidManifest.xml:22:19-43
140            android:theme="@android:style/Theme.Translucent.NoTitleBar" />
140-->[com.google.android.gms:play-services-base:18.1.0] AndroidManifest.xml:21:19-78
141
142        <provider
142-->[androidx.emoji2:emoji2:1.3.0] AndroidManifest.xml:24:9-32:20
143            android:name="androidx.startup.InitializationProvider"
143-->[androidx.emoji2:emoji2:1.3.0] AndroidManifest.xml:25:13-67
144            android:authorities="com.alphateknexus.app.androidx-startup"
144-->[androidx.emoji2:emoji2:1.3.0] AndroidManifest.xml:26:13-68
145            android:exported="false" >
145-->[androidx.emoji2:emoji2:1.3.0] AndroidManifest.xml:27:13-37
146            <meta-data
146-->[androidx.emoji2:emoji2:1.3.0] AndroidManifest.xml:29:13-31:52
147                android:name="androidx.emoji2.text.EmojiCompatInitializer"
147-->[androidx.emoji2:emoji2:1.3.0] AndroidManifest.xml:30:17-75
148                android:value="androidx.startup" />
148-->[androidx.emoji2:emoji2:1.3.0] AndroidManifest.xml:31:17-49
149            <meta-data
149-->[androidx.lifecycle:lifecycle-process:2.6.2] AndroidManifest.xml:29:13-31:52
150                android:name="androidx.lifecycle.ProcessLifecycleInitializer"
150-->[androidx.lifecycle:lifecycle-process:2.6.2] AndroidManifest.xml:30:17-78
151                android:value="androidx.startup" />
151-->[androidx.lifecycle:lifecycle-process:2.6.2] AndroidManifest.xml:31:17-49
152            <meta-data
152-->[androidx.profileinstaller:profileinstaller:1.4.0] AndroidManifest.xml:29:13-31:52
153                android:name="androidx.profileinstaller.ProfileInstallerInitializer"
153-->[androidx.profileinstaller:profileinstaller:1.4.0] AndroidManifest.xml:30:17-85
154                android:value="androidx.startup" />
154-->[androidx.profileinstaller:profileinstaller:1.4.0] AndroidManifest.xml:31:17-49
155        </provider>
156
157        <meta-data
157-->[com.google.android.gms:play-services-basement:18.3.0] AndroidManifest.xml:21:9-23:69
158            android:name="com.google.android.gms.version"
158-->[com.google.android.gms:play-services-basement:18.3.0] AndroidManifest.xml:22:13-58
159            android:value="@integer/google_play_services_version" />
159-->[com.google.android.gms:play-services-basement:18.3.0] AndroidManifest.xml:23:13-66
160
161        <receiver
161-->[androidx.profileinstaller:profileinstaller:1.4.0] AndroidManifest.xml:34:9-52:20
162            android:name="androidx.profileinstaller.ProfileInstallReceiver"
162-->[androidx.profileinstaller:profileinstaller:1.4.0] AndroidManifest.xml:35:13-76
163            android:directBootAware="false"
163-->[androidx.profileinstaller:profileinstaller:1.4.0] AndroidManifest.xml:36:13-44
164            android:enabled="true"
164-->[androidx.profileinstaller:profileinstaller:1.4.0] AndroidManifest.xml:37:13-35
165            android:exported="true"
165-->[androidx.profileinstaller:profileinstaller:1.4.0] AndroidManifest.xml:38:13-36
166            android:permission="android.permission.DUMP" >
166-->[androidx.profileinstaller:profileinstaller:1.4.0] AndroidManifest.xml:39:13-57
167            <intent-filter>
167-->[androidx.profileinstaller:profileinstaller:1.4.0] AndroidManifest.xml:40:13-42:29
168                <action android:name="androidx.profileinstaller.action.INSTALL_PROFILE" />
168-->[androidx.profileinstaller:profileinstaller:1.4.0] AndroidManifest.xml:41:17-91
168-->[androidx.profileinstaller:profileinstaller:1.4.0] AndroidManifest.xml:41:25-88
169            </intent-filter>
170            <intent-filter>
170-->[androidx.profileinstaller:profileinstaller:1.4.0] AndroidManifest.xml:43:13-45:29
171                <action android:name="androidx.profileinstaller.action.SKIP_FILE" />
171-->[androidx.profileinstaller:profileinstaller:1.4.0] AndroidManifest.xml:44:17-85
171-->[androidx.profileinstaller:profileinstaller:1.4.0] AndroidManifest.xml:44:25-82
172            </intent-filter>
173            <intent-filter>
173-->[androidx.profileinstaller:profileinstaller:1.4.0] AndroidManifest.xml:46:13-48:29
174                <action android:name="androidx.profileinstaller.action.SAVE_PROFILE" />
174-->[androidx.profileinstaller:profileinstaller:1.4.0] AndroidManifest.xml:47:17-88
174-->[androidx.profileinstaller:profileinstaller:1.4.0] AndroidManifest.xml:47:25-85
175            </intent-filter>
176            <intent-filter>
176-->[androidx.profileinstaller:profileinstaller:1.4.0] AndroidManifest.xml:49:13-51:29
177                <action android:name="androidx.profileinstaller.action.BENCHMARK_OPERATION" />
177-->[androidx.profileinstaller:profileinstaller:1.4.0] AndroidManifest.xml:50:17-95
177-->[androidx.profileinstaller:profileinstaller:1.4.0] AndroidManifest.xml:50:25-92
178            </intent-filter>
179        </receiver>
180
181        <service
181-->[com.google.android.datatransport:transport-backend-cct:3.1.9] AndroidManifest.xml:28:9-34:19
182            android:name="com.google.android.datatransport.runtime.backends.TransportBackendDiscovery"
182-->[com.google.android.datatransport:transport-backend-cct:3.1.9] AndroidManifest.xml:29:13-103
183            android:exported="false" >
183-->[com.google.android.datatransport:transport-backend-cct:3.1.9] AndroidManifest.xml:30:13-37
184            <meta-data
184-->[com.google.android.datatransport:transport-backend-cct:3.1.9] AndroidManifest.xml:31:13-33:39
185                android:name="backend:com.google.android.datatransport.cct.CctBackendFactory"
185-->[com.google.android.datatransport:transport-backend-cct:3.1.9] AndroidManifest.xml:32:17-94
186                android:value="cct" />
186-->[com.google.android.datatransport:transport-backend-cct:3.1.9] AndroidManifest.xml:33:17-36
187        </service>
188        <service
188-->[com.google.android.datatransport:transport-runtime:3.1.9] AndroidManifest.xml:26:9-30:19
189            android:name="com.google.android.datatransport.runtime.scheduling.jobscheduling.JobInfoSchedulerService"
189-->[com.google.android.datatransport:transport-runtime:3.1.9] AndroidManifest.xml:27:13-117
190            android:exported="false"
190-->[com.google.android.datatransport:transport-runtime:3.1.9] AndroidManifest.xml:28:13-37
191            android:permission="android.permission.BIND_JOB_SERVICE" >
191-->[com.google.android.datatransport:transport-runtime:3.1.9] AndroidManifest.xml:29:13-69
192        </service>
193
194        <receiver
194-->[com.google.android.datatransport:transport-runtime:3.1.9] AndroidManifest.xml:32:9-34:40
195            android:name="com.google.android.datatransport.runtime.scheduling.jobscheduling.AlarmManagerSchedulerBroadcastReceiver"
195-->[com.google.android.datatransport:transport-runtime:3.1.9] AndroidManifest.xml:33:13-132
196            android:exported="false" />
196-->[com.google.android.datatransport:transport-runtime:3.1.9] AndroidManifest.xml:34:13-37
197    </application>
198
199</manifest>